<?xml version="1.0" encoding="UTF-8"?>
<!-- Generated by org.testng.reporters.JUnitReportReporter -->
<testsuite hostname="DESKTOP-HR4M3O5" name="com.kk.selenium.ExtentReportDemo" tests="1" failures="0" timestamp="1 Aug 2019 20:11:01 GMT" time="1.922" errors="0">
  <testcase name="loginTest" time="1.922" classname="com.kk.selenium.ExtentReportDemo"/>
</testsuite> <!-- com.kk.selenium.ExtentReportDemo -->
