<?xml version="1.0" encoding="UTF-8"?>
<!-- Generated by org.testng.reporters.JUnitReportReporter -->
<testsuite hostname="DESKTOP-HR4M3O5" name="com.kk.selenium.VerifyLinks" tests="1" failures="0" timestamp="30 Jun 2019 00:03:39 GMT" time="77.270" errors="0">
  <testcase name="testLinks" time="77.270" classname="com.kk.selenium.VerifyLinks"/>
</testsuite> <!-- com.kk.selenium.VerifyLinks -->
