<?xml version="1.0" encoding="UTF-8"?>
<!-- Generated by org.testng.reporters.JUnitReportReporter -->
<testsuite hostname="DESKTOP-HR4M3O5" name="com.kk.selenium.WbDrvrMgrDemo" tests="1" failures="0" timestamp="29 Jun 2019 23:51:53 GMT" time="18.597" errors="0">
  <testcase name="WebDriverManagerTest" time="18.597" classname="com.kk.selenium.WbDrvrMgrDemo"/>
</testsuite> <!-- com.kk.selenium.WbDrvrMgrDemo -->
