<?xml version="1.0" encoding="UTF-8"?>
<!-- Generated by org.testng.reporters.JUnitReportReporter -->
<testsuite hostname="DESKTOP-HR4M3O5" name="com.kk.selenium.DemoForMaven" tests="1" failures="0" timestamp="26 Jun 2019 13:56:20 GMT" time="0.031" errors="0">
  <testcase name="test" time="0.031" classname="com.kk.selenium.DemoForMaven"/>
</testsuite> <!-- com.kk.selenium.DemoForMaven -->
